#
# There is insufficient memory for the Java Runtime Environment to continue.
# Native memory allocation (malloc) failed to allocate 263136 bytes for Chunk::new
# Possible reasons:
#   The system is out of physical RAM or swap space
#   The process is running with CompressedOops enabled, and the Java Heap may be blocking the growth of the native heap
# Possible solutions:
#   Reduce memory load on the system
#   Increase physical memory or swap space
#   Check if swap backing store is full
#   Decrease Java heap size (-Xmx/-Xms)
#   Decrease number of Java threads
#   Decrease Java thread stack sizes (-Xss)
#   Set larger code cache with -XX:ReservedCodeCacheSize=
#   JVM is running with Unscaled Compressed Oops mode in which the Java heap is
#     placed in the first 4GB address space. The Java Heap base address is the
#     maximum limit for the native heap growth. Please use -XX:HeapBaseMinAddress
#     to set the Java Heap base and to place the Java Heap above 4GB virtual address.
# This output file may be truncated or incomplete.
#
#  Out of Memory Error (arena.cpp:184), pid=22344, tid=15744
#
# JRE version: Java(TM) SE Runtime Environment (20.0.1+9) (build 20.0.1+9-29)
# Java VM: Java HotSpot(TM) 64-Bit Server VM (20.0.1+9-29, mixed mode, sharing, tiered, compressed oops, compressed class ptrs, g1 gc, windows-amd64)
# No core dump will be written. Minidumps are not enabled by default on client versions of Windows
#

---------------  S U M M A R Y ------------

Command Line: io.vertx.core.Launcher run recoeve.http.Recoeve -Dvertx.id=fc199b4e-e1d9-488b-b10d-5a62c9c5686e-redeploy

Host: 11th Gen Intel(R) Core(TM) i5-1135G7 @ 2.40GHz, 8 cores, 7G,  Windows 11 , 64 bit Build 22621 (10.0.22621.2506)
Time: Sat Dec 23 16:46:40 2023  Windows 11 , 64 bit Build 22621 (10.0.22621.2506) elapsed time: 0.290411 seconds (0d 0h 0m 0s)

---------------  T H R E A D  ---------------

Current thread (0x000002dc8fa39400):  JavaThread "C2 CompilerThread0" daemon [_thread_in_native, id=15744, stack(0x000000f8c6000000,0x000000f8c6100000)]


Current CompileTask:
C2:    290  618 %     4       java.io.WinNTFileSystem::normalize @ 58 (224 bytes)

Stack: [0x000000f8c6000000,0x000000f8c6100000]
Native frames: (J=compiled Java code, j=interpreted, Vv=VM code, C=native code)
V  [jvm.dll+0x6bb95a]
V  [jvm.dll+0x8485fa]
V  [jvm.dll+0x84a1f5]
V  [jvm.dll+0x84a8f3]
V  [jvm.dll+0x280b0f]
V  [jvm.dll+0xc2b11]
V  [jvm.dll+0xc2e35]
V  [jvm.dll+0x3bb17c]
V  [jvm.dll+0x3857f5]
V  [jvm.dll+0x384c6a]
V  [jvm.dll+0x24b259]
V  [jvm.dll+0x24a651]
V  [jvm.dll+0x1ce491]
V  [jvm.dll+0x259e1b]
V  [jvm.dll+0x2584f0]
V  [jvm.dll+0x3f2895]
V  [jvm.dll+0x7f4b56]
V  [jvm.dll+0x6ba5cb]
C  [ucrtbase.dll+0x29363]
C  [KERNEL32.DLL+0x1257d]
C  [ntdll.dll+0x5aa58]


---------------  P R O C E S S  ---------------

Threads class SMR info:
_java_thread_list=0x000002dc93c80c30, length=12, elements={
0x000002dcf11ed500, 0x000002dc8fa2ded0, 0x000002dc8fa2ead0, 0x000002dc8fa301d0,
0x000002dc8fa334f0, 0x000002dc8fa33f20, 0x000002dc8fa386a0, 0x000002dc8fa39400,
0x000002dc8fa3b530, 0x000002dc93d09030, 0x000002dc93d33b20, 0x000002dc93de4340
}

Java Threads: ( => current thread )
  0x000002dcf11ed500 JavaThread "main" [_thread_in_vm, id=23316, stack(0x000000f8c5300000,0x000000f8c5400000)]
  0x000002dc8fa2ded0 JavaThread "Reference Handler" daemon [_thread_blocked, id=20032, stack(0x000000f8c5a00000,0x000000f8c5b00000)]
  0x000002dc8fa2ead0 JavaThread "Finalizer" daemon [_thread_blocked, id=19520, stack(0x000000f8c5b00000,0x000000f8c5c00000)]
  0x000002dc8fa301d0 JavaThread "Signal Dispatcher" daemon [_thread_blocked, id=19620, stack(0x000000f8c5c00000,0x000000f8c5d00000)]
  0x000002dc8fa334f0 JavaThread "Attach Listener" daemon [_thread_blocked, id=22684, stack(0x000000f8c5d00000,0x000000f8c5e00000)]
  0x000002dc8fa33f20 JavaThread "Service Thread" daemon [_thread_blocked, id=24000, stack(0x000000f8c5e00000,0x000000f8c5f00000)]
  0x000002dc8fa386a0 JavaThread "Monitor Deflation Thread" daemon [_thread_blocked, id=19668, stack(0x000000f8c5f00000,0x000000f8c6000000)]
=>0x000002dc8fa39400 JavaThread "C2 CompilerThread0" daemon [_thread_in_native, id=15744, stack(0x000000f8c6000000,0x000000f8c6100000)]
  0x000002dc8fa3b530 JavaThread "C1 CompilerThread0" daemon [_thread_in_vm, id=20252, stack(0x000000f8c6100000,0x000000f8c6200000)]
  0x000002dc93d09030 JavaThread "Notification Thread" daemon [_thread_blocked, id=13856, stack(0x000000f8c6200000,0x000000f8c6300000)]
  0x000002dc93d33b20 JavaThread "Common-Cleaner" daemon [_thread_blocked, id=22952, stack(0x000000f8c6400000,0x000000f8c6500000)]
  0x000002dc93de4340 JavaThread "C2 CompilerThread1" daemon [_thread_blocked, id=22756, stack(0x000000f8c6500000,0x000000f8c6600000)]

Other Threads:
  0x000002dc8fa16c30 VMThread "VM Thread" [stack: 0x000000f8c5900000,0x000000f8c5a00000] [id=23060]
  0x000002dc93d2fa00 WatcherThread "VM Periodic Task Thread" [stack: 0x000000f8c6300000,0x000000f8c6400000] [id=1304]
  0x000002dcf124c2d0 WorkerThread "GC Thread#0" [stack: 0x000000f8c5400000,0x000000f8c5500000] [id=4484]
  0x000002dcf125cb00 ConcurrentGCThread "G1 Main Marker" [stack: 0x000000f8c5500000,0x000000f8c5600000] [id=1868]
  0x000002dcf125dcd0 WorkerThread "G1 Conc#0" [stack: 0x000000f8c5600000,0x000000f8c5700000] [id=9380]
  0x000002dcf129e8c0 ConcurrentGCThread "G1 Refine#0" [stack: 0x000000f8c5700000,0x000000f8c5800000] [id=22652]
  0x000002dc8f8d3560 ConcurrentGCThread "G1 Service" [stack: 0x000000f8c5800000,0x000000f8c5900000] [id=12312]

Threads with active compile tasks:
C2 CompilerThread0      313  618 %     4       java.io.WinNTFileSystem::normalize @ 58 (224 bytes)
C1 CompilerThread0      313  657   !   3       sun.net.www.ParseUtil::decode (349 bytes)

VM state: not at safepoint (normal execution)

VM Mutex/Monitor currently owned by a thread:  ([mutex/lock_event])
[0x000002dcf0fb2350] Metaspace_lock - owner thread: 0x000002dc8fa3b530

Heap address: 0x0000000084800000, size: 1976 MB, Compressed Oops mode: 32-bit

CDS archive(s) mapped at: [0x0000000800000000-0x0000000800c60000-0x0000000800c60000), size 12976128, SharedBaseAddress: 0x0000000800000000, ArchiveRelocationMode: 0.
Compressed class space mapped at: 0x0000000801000000-0x0000000841000000, reserved size: 1073741824
Narrow klass base: 0x0000000800000000, Narrow klass shift: 0, Narrow klass range: 0x100000000

GC Precious Log:
 CardTable entry size: 512
 Card Set container configuration: InlinePtr #cards 5 size 8 Array Of Cards #cards 12 size 40 Howl #buckets 4 coarsen threshold 1843 Howl Bitmap #cards 512 size 80 coarsen threshold 460 Card regions per heap region 1 cards per card region 2048
 CPUs: 8 total, 8 available
 Memory: 7900M
 Large Page Support: Disabled
 NUMA Support: Disabled
 Compressed Oops: Enabled (32-bit)
 Heap Region Size: 1M
 Heap Min Capacity: 8M
 Heap Initial Capacity: 124M
 Heap Max Capacity: 1976M
 Pre-touch: Disabled
 Parallel Workers: 8
 Concurrent Workers: 2
 Concurrent Refinement Workers: 8
 Periodic GC: Disabled

Heap:
 garbage-first heap   total 126976K, used 10240K [0x0000000084800000, 0x0000000100000000)
  region size 1024K, 12 young (12288K), 0 survivors (0K)
 Metaspace       used 1753K, committed 1920K, reserved 1114112K
  class space    used 163K, committed 256K, reserved 1048576K

Heap Regions: E=young(eden), S=young(survivor), O=old, HS=humongous(starts), HC=humongous(continues), CS=collection set, F=free, OA=open archive, CA=closed archive, TAMS=top-at-mark-start, PB=parsable bottom
|   0|0x0000000084800000, 0x0000000084800000, 0x0000000084900000|  0%| F|  |TAMS 0x0000000084800000| PB 0x0000000084800000| Untracked 
|   1|0x0000000084900000, 0x0000000084900000, 0x0000000084a00000|  0%| F|  |TAMS 0x0000000084900000| PB 0x0000000084900000| Untracked 
|   2|0x0000000084a00000, 0x0000000084a00000, 0x0000000084b00000|  0%| F|  |TAMS 0x0000000084a00000| PB 0x0000000084a00000| Untracked 
|   3|0x0000000084b00000, 0x0000000084b00000, 0x0000000084c00000|  0%| F|  |TAMS 0x0000000084b00000| PB 0x0000000084b00000| Untracked 
|   4|0x0000000084c00000, 0x0000000084c00000, 0x0000000084d00000|  0%| F|  |TAMS 0x0000000084c00000| PB 0x0000000084c00000| Untracked 
|   5|0x0000000084d00000, 0x0000000084d00000, 0x0000000084e00000|  0%| F|  |TAMS 0x0000000084d00000| PB 0x0000000084d00000| Untracked 
|   6|0x0000000084e00000, 0x0000000084e00000, 0x0000000084f00000|  0%| F|  |TAMS 0x0000000084e00000| PB 0x0000000084e00000| Untracked 
|   7|0x0000000084f00000, 0x0000000084f00000, 0x0000000085000000|  0%| F|  |TAMS 0x0000000084f00000| PB 0x0000000084f00000| Untracked 
|   8|0x0000000085000000, 0x0000000085000000, 0x0000000085100000|  0%| F|  |TAMS 0x0000000085000000| PB 0x0000000085000000| Untracked 
|   9|0x0000000085100000, 0x0000000085100000, 0x0000000085200000|  0%| F|  |TAMS 0x0000000085100000| PB 0x0000000085100000| Untracked 
|  10|0x0000000085200000, 0x0000000085200000, 0x0000000085300000|  0%| F|  |TAMS 0x0000000085200000| PB 0x0000000085200000| Untracked 
|  11|0x0000000085300000, 0x0000000085300000, 0x0000000085400000|  0%| F|  |TAMS 0x0000000085300000| PB 0x0000000085300000| Untracked 
|  12|0x0000000085400000, 0x0000000085400000, 0x0000000085500000|  0%| F|  |TAMS 0x0000000085400000| PB 0x0000000085400000| Untracked 
|  13|0x0000000085500000, 0x0000000085500000, 0x0000000085600000|  0%| F|  |TAMS 0x0000000085500000| PB 0x0000000085500000| Untracked 
|  14|0x0000000085600000, 0x0000000085600000, 0x0000000085700000|  0%| F|  |TAMS 0x0000000085600000| PB 0x0000000085600000| Untracked 
|  15|0x0000000085700000, 0x0000000085700000, 0x0000000085800000|  0%| F|  |TAMS 0x0000000085700000| PB 0x0000000085700000| Untracked 
|  16|0x0000000085800000, 0x0000000085800000, 0x0000000085900000|  0%| F|  |TAMS 0x0000000085800000| PB 0x0000000085800000| Untracked 
|  17|0x0000000085900000, 0x0000000085900000, 0x0000000085a00000|  0%| F|  |TAMS 0x0000000085900000| PB 0x0000000085900000| Untracked 
|  18|0x0000000085a00000, 0x0000000085a00000, 0x0000000085b00000|  0%| F|  |TAMS 0x0000000085a00000| PB 0x0000000085a00000| Untracked 
|  19|0x0000000085b00000, 0x0000000085b00000, 0x0000000085c00000|  0%| F|  |TAMS 0x0000000085b00000| PB 0x0000000085b00000| Untracked 
|  20|0x0000000085c00000, 0x0000000085c00000, 0x0000000085d00000|  0%| F|  |TAMS 0x0000000085c00000| PB 0x0000000085c00000| Untracked 
|  21|0x0000000085d00000, 0x0000000085d00000, 0x0000000085e00000|  0%| F|  |TAMS 0x0000000085d00000| PB 0x0000000085d00000| Untracked 
|  22|0x0000000085e00000, 0x0000000085e00000, 0x0000000085f00000|  0%| F|  |TAMS 0x0000000085e00000| PB 0x0000000085e00000| Untracked 
|  23|0x0000000085f00000, 0x0000000085f00000, 0x0000000086000000|  0%| F|  |TAMS 0x0000000085f00000| PB 0x0000000085f00000| Untracked 
|  24|0x0000000086000000, 0x0000000086000000, 0x0000000086100000|  0%| F|  |TAMS 0x0000000086000000| PB 0x0000000086000000| Untracked 
|  25|0x0000000086100000, 0x0000000086100000, 0x0000000086200000|  0%| F|  |TAMS 0x0000000086100000| PB 0x0000000086100000| Untracked 
|  26|0x0000000086200000, 0x0000000086200000, 0x0000000086300000|  0%| F|  |TAMS 0x0000000086200000| PB 0x0000000086200000| Untracked 
|  27|0x0000000086300000, 0x0000000086300000, 0x0000000086400000|  0%| F|  |TAMS 0x0000000086300000| PB 0x0000000086300000| Untracked 
|  28|0x0000000086400000, 0x0000000086400000, 0x0000000086500000|  0%| F|  |TAMS 0x0000000086400000| PB 0x0000000086400000| Untracked 
|  29|0x0000000086500000, 0x0000000086500000, 0x0000000086600000|  0%| F|  |TAMS 0x0000000086500000| PB 0x0000000086500000| Untracked 
|  30|0x0000000086600000, 0x0000000086600000, 0x0000000086700000|  0%| F|  |TAMS 0x0000000086600000| PB 0x0000000086600000| Untracked 
|  31|0x0000000086700000, 0x0000000086700000, 0x0000000086800000|  0%| F|  |TAMS 0x0000000086700000| PB 0x0000000086700000| Untracked 
|  32|0x0000000086800000, 0x0000000086800000, 0x0000000086900000|  0%| F|  |TAMS 0x0000000086800000| PB 0x0000000086800000| Untracked 
|  33|0x0000000086900000, 0x0000000086900000, 0x0000000086a00000|  0%| F|  |TAMS 0x0000000086900000| PB 0x0000000086900000| Untracked 
|  34|0x0000000086a00000, 0x0000000086a00000, 0x0000000086b00000|  0%| F|  |TAMS 0x0000000086a00000| PB 0x0000000086a00000| Untracked 
|  35|0x0000000086b00000, 0x0000000086b00000, 0x0000000086c00000|  0%| F|  |TAMS 0x0000000086b00000| PB 0x0000000086b00000| Untracked 
|  36|0x0000000086c00000, 0x0000000086c00000, 0x0000000086d00000|  0%| F|  |TAMS 0x0000000086c00000| PB 0x0000000086c00000| Untracked 
|  37|0x0000000086d00000, 0x0000000086d00000, 0x0000000086e00000|  0%| F|  |TAMS 0x0000000086d00000| PB 0x0000000086d00000| Untracked 
|  38|0x0000000086e00000, 0x0000000086e00000, 0x0000000086f00000|  0%| F|  |TAMS 0x0000000086e00000| PB 0x0000000086e00000| Untracked 
|  39|0x0000000086f00000, 0x0000000086f00000, 0x0000000087000000|  0%| F|  |TAMS 0x0000000086f00000| PB 0x0000000086f00000| Untracked 
|  40|0x0000000087000000, 0x0000000087000000, 0x0000000087100000|  0%| F|  |TAMS 0x0000000087000000| PB 0x0000000087000000| Untracked 
|  41|0x0000000087100000, 0x0000000087100000, 0x0000000087200000|  0%| F|  |TAMS 0x0000000087100000| PB 0x0000000087100000| Untracked 
|  42|0x0000000087200000, 0x0000000087200000, 0x0000000087300000|  0%| F|  |TAMS 0x0000000087200000| PB 0x0000000087200000| Untracked 
|  43|0x0000000087300000, 0x0000000087300000, 0x0000000087400000|  0%| F|  |TAMS 0x0000000087300000| PB 0x0000000087300000| Untracked 
|  44|0x0000000087400000, 0x0000000087400000, 0x0000000087500000|  0%| F|  |TAMS 0x0000000087400000| PB 0x0000000087400000| Untracked 
|  45|0x0000000087500000, 0x0000000087500000, 0x0000000087600000|  0%| F|  |TAMS 0x0000000087500000| PB 0x0000000087500000| Untracked 
|  46|0x0000000087600000, 0x0000000087600000, 0x0000000087700000|  0%| F|  |TAMS 0x0000000087600000| PB 0x0000000087600000| Untracked 
|  47|0x0000000087700000, 0x0000000087700000, 0x0000000087800000|  0%| F|  |TAMS 0x0000000087700000| PB 0x0000000087700000| Untracked 
|  48|0x0000000087800000, 0x0000000087800000, 0x0000000087900000|  0%| F|  |TAMS 0x0000000087800000| PB 0x0000000087800000| Untracked 
|  49|0x0000000087900000, 0x0000000087900000, 0x0000000087a00000|  0%| F|  |TAMS 0x0000000087900000| PB 0x0000000087900000| Untracked 
|  50|0x0000000087a00000, 0x0000000087a00000, 0x0000000087b00000|  0%| F|  |TAMS 0x0000000087a00000| PB 0x0000000087a00000| Untracked 
|  51|0x0000000087b00000, 0x0000000087b00000, 0x0000000087c00000|  0%| F|  |TAMS 0x0000000087b00000| PB 0x0000000087b00000| Untracked 
|  52|0x0000000087c00000, 0x0000000087c00000, 0x0000000087d00000|  0%| F|  |TAMS 0x0000000087c00000| PB 0x0000000087c00000| Untracked 
|  53|0x0000000087d00000, 0x0000000087d00000, 0x0000000087e00000|  0%| F|  |TAMS 0x0000000087d00000| PB 0x0000000087d00000| Untracked 
|  54|0x0000000087e00000, 0x0000000087e00000, 0x0000000087f00000|  0%| F|  |TAMS 0x0000000087e00000| PB 0x0000000087e00000| Untracked 
|  55|0x0000000087f00000, 0x0000000087f00000, 0x0000000088000000|  0%| F|  |TAMS 0x0000000087f00000| PB 0x0000000087f00000| Untracked 
|  56|0x0000000088000000, 0x0000000088000000, 0x0000000088100000|  0%| F|  |TAMS 0x0000000088000000| PB 0x0000000088000000| Untracked 
|  57|0x0000000088100000, 0x0000000088100000, 0x0000000088200000|  0%| F|  |TAMS 0x0000000088100000| PB 0x0000000088100000| Untracked 
|  58|0x0000000088200000, 0x0000000088200000, 0x0000000088300000|  0%| F|  |TAMS 0x0000000088200000| PB 0x0000000088200000| Untracked 
|  59|0x0000000088300000, 0x0000000088300000, 0x0000000088400000|  0%| F|  |TAMS 0x0000000088300000| PB 0x0000000088300000| Untracked 
|  60|0x0000000088400000, 0x0000000088400000, 0x0000000088500000|  0%| F|  |TAMS 0x0000000088400000| PB 0x0000000088400000| Untracked 
|  61|0x0000000088500000, 0x0000000088500000, 0x0000000088600000|  0%| F|  |TAMS 0x0000000088500000| PB 0x0000000088500000| Untracked 
|  62|0x0000000088600000, 0x0000000088600000, 0x0000000088700000|  0%| F|  |TAMS 0x0000000088600000| PB 0x0000000088600000| Untracked 
|  63|0x0000000088700000, 0x0000000088700000, 0x0000000088800000|  0%| F|  |TAMS 0x0000000088700000| PB 0x0000000088700000| Untracked 
|  64|0x0000000088800000, 0x0000000088800000, 0x0000000088900000|  0%| F|  |TAMS 0x0000000088800000| PB 0x0000000088800000| Untracked 
|  65|0x0000000088900000, 0x0000000088900000, 0x0000000088a00000|  0%| F|  |TAMS 0x0000000088900000| PB 0x0000000088900000| Untracked 
|  66|0x0000000088a00000, 0x0000000088a00000, 0x0000000088b00000|  0%| F|  |TAMS 0x0000000088a00000| PB 0x0000000088a00000| Untracked 
|  67|0x0000000088b00000, 0x0000000088b00000, 0x0000000088c00000|  0%| F|  |TAMS 0x0000000088b00000| PB 0x0000000088b00000| Untracked 
|  68|0x0000000088c00000, 0x0000000088c00000, 0x0000000088d00000|  0%| F|  |TAMS 0x0000000088c00000| PB 0x0000000088c00000| Untracked 
|  69|0x0000000088d00000, 0x0000000088d00000, 0x0000000088e00000|  0%| F|  |TAMS 0x0000000088d00000| PB 0x0000000088d00000| Untracked 
|  70|0x0000000088e00000, 0x0000000088e00000, 0x0000000088f00000|  0%| F|  |TAMS 0x0000000088e00000| PB 0x0000000088e00000| Untracked 
|  71|0x0000000088f00000, 0x0000000088f00000, 0x0000000089000000|  0%| F|  |TAMS 0x0000000088f00000| PB 0x0000000088f00000| Untracked 
|  72|0x0000000089000000, 0x0000000089000000, 0x0000000089100000|  0%| F|  |TAMS 0x0000000089000000| PB 0x0000000089000000| Untracked 
|  73|0x0000000089100000, 0x0000000089100000, 0x0000000089200000|  0%| F|  |TAMS 0x0000000089100000| PB 0x0000000089100000| Untracked 
|  74|0x0000000089200000, 0x0000000089200000, 0x0000000089300000|  0%| F|  |TAMS 0x0000000089200000| PB 0x0000000089200000| Untracked 
|  75|0x0000000089300000, 0x0000000089300000, 0x0000000089400000|  0%| F|  |TAMS 0x0000000089300000| PB 0x0000000089300000| Untracked 
|  76|0x0000000089400000, 0x0000000089400000, 0x0000000089500000|  0%| F|  |TAMS 0x0000000089400000| PB 0x0000000089400000| Untracked 
|  77|0x0000000089500000, 0x0000000089500000, 0x0000000089600000|  0%| F|  |TAMS 0x0000000089500000| PB 0x0000000089500000| Untracked 
|  78|0x0000000089600000, 0x0000000089600000, 0x0000000089700000|  0%| F|  |TAMS 0x0000000089600000| PB 0x0000000089600000| Untracked 
|  79|0x0000000089700000, 0x0000000089700000, 0x0000000089800000|  0%| F|  |TAMS 0x0000000089700000| PB 0x0000000089700000| Untracked 
|  80|0x0000000089800000, 0x0000000089800000, 0x0000000089900000|  0%| F|  |TAMS 0x0000000089800000| PB 0x0000000089800000| Untracked 
|  81|0x0000000089900000, 0x0000000089900000, 0x0000000089a00000|  0%| F|  |TAMS 0x0000000089900000| PB 0x0000000089900000| Untracked 
|  82|0x0000000089a00000, 0x0000000089a00000, 0x0000000089b00000|  0%| F|  |TAMS 0x0000000089a00000| PB 0x0000000089a00000| Untracked 
|  83|0x0000000089b00000, 0x0000000089b00000, 0x0000000089c00000|  0%| F|  |TAMS 0x0000000089b00000| PB 0x0000000089b00000| Untracked 
|  84|0x0000000089c00000, 0x0000000089c00000, 0x0000000089d00000|  0%| F|  |TAMS 0x0000000089c00000| PB 0x0000000089c00000| Untracked 
|  85|0x0000000089d00000, 0x0000000089d00000, 0x0000000089e00000|  0%| F|  |TAMS 0x0000000089d00000| PB 0x0000000089d00000| Untracked 
|  86|0x0000000089e00000, 0x0000000089e00000, 0x0000000089f00000|  0%| F|  |TAMS 0x0000000089e00000| PB 0x0000000089e00000| Untracked 
|  87|0x0000000089f00000, 0x0000000089f00000, 0x000000008a000000|  0%| F|  |TAMS 0x0000000089f00000| PB 0x0000000089f00000| Untracked 
|  88|0x000000008a000000, 0x000000008a000000, 0x000000008a100000|  0%| F|  |TAMS 0x000000008a000000| PB 0x000000008a000000| Untracked 
|  89|0x000000008a100000, 0x000000008a100000, 0x000000008a200000|  0%| F|  |TAMS 0x000000008a100000| PB 0x000000008a100000| Untracked 
|  90|0x000000008a200000, 0x000000008a200000, 0x000000008a300000|  0%| F|  |TAMS 0x000000008a200000| PB 0x000000008a200000| Untracked 
|  91|0x000000008a300000, 0x000000008a300000, 0x000000008a400000|  0%| F|  |TAMS 0x000000008a300000| PB 0x000000008a300000| Untracked 
|  92|0x000000008a400000, 0x000000008a400000, 0x000000008a500000|  0%| F|  |TAMS 0x000000008a400000| PB 0x000000008a400000| Untracked 
|  93|0x000000008a500000, 0x000000008a500000, 0x000000008a600000|  0%| F|  |TAMS 0x000000008a500000| PB 0x000000008a500000| Untracked 
|  94|0x000000008a600000, 0x000000008a600000, 0x000000008a700000|  0%| F|  |TAMS 0x000000008a600000| PB 0x000000008a600000| Untracked 
|  95|0x000000008a700000, 0x000000008a700000, 0x000000008a800000|  0%| F|  |TAMS 0x000000008a700000| PB 0x000000008a700000| Untracked 
|  96|0x000000008a800000, 0x000000008a800000, 0x000000008a900000|  0%| F|  |TAMS 0x000000008a800000| PB 0x000000008a800000| Untracked 
|  97|0x000000008a900000, 0x000000008a900000, 0x000000008aa00000|  0%| F|  |TAMS 0x000000008a900000| PB 0x000000008a900000| Untracked 
|  98|0x000000008aa00000, 0x000000008aa00000, 0x000000008ab00000|  0%| F|  |TAMS 0x000000008aa00000| PB 0x000000008aa00000| Untracked 
|  99|0x000000008ab00000, 0x000000008ab00000, 0x000000008ac00000|  0%| F|  |TAMS 0x000000008ab00000| PB 0x000000008ab00000| Untracked 
| 100|0x000000008ac00000, 0x000000008ac00000, 0x000000008ad00000|  0%| F|  |TAMS 0x000000008ac00000| PB 0x000000008ac00000| Untracked 
| 101|0x000000008ad00000, 0x000000008ad00000, 0x000000008ae00000|  0%| F|  |TAMS 0x000000008ad00000| PB 0x000000008ad00000| Untracked 
| 102|0x000000008ae00000, 0x000000008ae00000, 0x000000008af00000|  0%| F|  |TAMS 0x000000008ae00000| PB 0x000000008ae00000| Untracked 
| 103|0x000000008af00000, 0x000000008af00000, 0x000000008b000000|  0%| F|  |TAMS 0x000000008af00000| PB 0x000000008af00000| Untracked 
| 104|0x000000008b000000, 0x000000008b000000, 0x000000008b100000|  0%| F|  |TAMS 0x000000008b000000| PB 0x000000008b000000| Untracked 
| 105|0x000000008b100000, 0x000000008b100000, 0x000000008b200000|  0%| F|  |TAMS 0x000000008b100000| PB 0x000000008b100000| Untracked 
| 106|0x000000008b200000, 0x000000008b200000, 0x000000008b300000|  0%| F|  |TAMS 0x000000008b200000| PB 0x000000008b200000| Untracked 
| 107|0x000000008b300000, 0x000000008b300000, 0x000000008b400000|  0%| F|  |TAMS 0x000000008b300000| PB 0x000000008b300000| Untracked 
| 108|0x000000008b400000, 0x000000008b400000, 0x000000008b500000|  0%| F|  |TAMS 0x000000008b400000| PB 0x000000008b400000| Untracked 
| 109|0x000000008b500000, 0x000000008b500000, 0x000000008b600000|  0%| F|  |TAMS 0x000000008b500000| PB 0x000000008b500000| Untracked 
| 110|0x000000008b600000, 0x000000008b600000, 0x000000008b700000|  0%| F|  |TAMS 0x000000008b600000| PB 0x000000008b600000| Untracked 
| 111|0x000000008b700000, 0x000000008b700000, 0x000000008b800000|  0%| F|  |TAMS 0x000000008b700000| PB 0x000000008b700000| Untracked 
| 112|0x000000008b800000, 0x000000008b877dd0, 0x000000008b900000| 46%| E|  |TAMS 0x000000008b800000| PB 0x000000008b800000| Complete 
| 113|0x000000008b900000, 0x000000008ba00000, 0x000000008ba00000|100%| E|CS|TAMS 0x000000008b900000| PB 0x000000008b900000| Complete 
| 114|0x000000008ba00000, 0x000000008bb00000, 0x000000008bb00000|100%| E|CS|TAMS 0x000000008ba00000| PB 0x000000008ba00000| Complete 
| 115|0x000000008bb00000, 0x000000008bc00000, 0x000000008bc00000|100%| E|CS|TAMS 0x000000008bb00000| PB 0x000000008bb00000| Complete 
| 116|0x000000008bc00000, 0x000000008bd00000, 0x000000008bd00000|100%| E|CS|TAMS 0x000000008bc00000| PB 0x000000008bc00000| Complete 
| 117|0x000000008bd00000, 0x000000008be00000, 0x000000008be00000|100%| E|CS|TAMS 0x000000008bd00000| PB 0x000000008bd00000| Complete 
| 118|0x000000008be00000, 0x000000008bf00000, 0x000000008bf00000|100%| E|  |TAMS 0x000000008be00000| PB 0x000000008be00000| Complete 
| 119|0x000000008bf00000, 0x000000008c000000, 0x000000008c000000|100%| E|CS|TAMS 0x000000008bf00000| PB 0x000000008bf00000| Complete 
| 120|0x000000008c000000, 0x000000008c100000, 0x000000008c100000|100%| E|CS|TAMS 0x000000008c000000| PB 0x000000008c000000| Complete 
| 121|0x000000008c100000, 0x000000008c200000, 0x000000008c200000|100%| E|CS|TAMS 0x000000008c100000| PB 0x000000008c100000| Complete 
| 122|0x000000008c200000, 0x000000008c300000, 0x000000008c300000|100%| E|CS|TAMS 0x000000008c200000| PB 0x000000008c200000| Complete 
| 123|0x000000008c300000, 0x000000008c400000, 0x000000008c400000|100%| E|CS|TAMS 0x000000008c300000| PB 0x000000008c300000| Complete 

Card table byte_map: [0x000002dcfb8d0000,0x000002dcfbcb0000] _byte_map_base: 0x000002dcfb4ac000

Marking Bits: (CMBitMap*) 0x000002dcf124c900
 Bits: [0x000002dcfc090000, 0x000002dcfdf70000)

Polling page: 0x000002dcf12a0000

Metaspace:

Usage:
  Non-class:      1.55 MB used.
      Class:    163.68 KB used.
       Both:      1.71 MB used.

Virtual space:
  Non-class space:       64.00 MB reserved,       1.62 MB (  3%) committed,  1 nodes.
      Class space:        1.00 GB reserved,     256.00 KB ( <1%) committed,  1 nodes.
             Both:        1.06 GB reserved,       1.88 MB ( <1%) committed. 

Chunk freelists:
   Non-Class:  3.50 MB
       Class:  3.67 MB
        Both:  7.17 MB

MaxMetaspaceSize: unlimited
CompressedClassSpaceSize: 1.00 GB
Initial GC threshold: 21.00 MB
Current GC threshold: 21.00 MB
CDS: on
MetaspaceReclaimPolicy: balanced
 - commit_granule_bytes: 65536.
 - commit_granule_words: 8192.
 - virtual_space_node_default_size: 8388608.
 - enlarge_chunks_in_place: 1.
 - new_chunks_are_fully_committed: 0.
 - uncommit_free_chunks: 1.
 - use_allocation_guard: 0.


Internal statistics:

num_allocs_failed_limit: 0.
num_arena_births: 20.
num_arena_deaths: 0.
num_vsnodes_births: 2.
num_vsnodes_deaths: 0.
num_space_committed: 30.
num_space_uncommitted: 0.
num_chunks_returned_to_freelist: 0.
num_chunks_taken_from_freelist: 61.
num_chunk_merges: 0.
num_chunk_splits: 28.
num_chunks_enlarged: 22.
num_inconsistent_stats: 0.

CodeHeap 'non-profiled nmethods': size=120000Kb used=181Kb max_used=181Kb free=119818Kb
 bounds [0x000002dc87ad0000, 0x000002dc87d40000, 0x000002dc8f000000]
CodeHeap 'profiled nmethods': size=120000Kb used=1065Kb max_used=1065Kb free=118935Kb
 bounds [0x000002dc80000000, 0x000002dc80270000, 0x000002dc87530000]
CodeHeap 'non-nmethods': size=5760Kb used=1432Kb max_used=1447Kb free=4327Kb
 bounds [0x000002dc87530000, 0x000002dc877a0000, 0x000002dc87ad0000]
 total_blobs=1051 nmethods=655 adapters=307
 compilation: enabled
              stopped_count=0, restarted_count=0
 full_count=0

Compilation events (20 events):
Event: 0.281 Thread 0x000002dc8fa3b530  629       1       sun.nio.fs.WindowsFileSystem::provider (5 bytes)
Event: 0.281 Thread 0x000002dc8fa3b530 nmethod 629 0x000002dc87afbc90 code [0x000002dc87afbe00, 0x000002dc87afbec8]
Event: 0.281 Thread 0x000002dc8fa3b530  632       1       sun.nio.fs.NativeBuffer::owner (5 bytes)
Event: 0.281 Thread 0x000002dc8fa3b530 nmethod 632 0x000002dc87afbf90 code [0x000002dc87afc100, 0x000002dc87afc1c8]
Event: 0.281 Thread 0x000002dc93de4340 nmethod 626 0x000002dc87afc290 code [0x000002dc87afc400, 0x000002dc87afc730]
Event: 0.281 Thread 0x000002dc8fa3b530  633       1       java.net.URLConnection::getUseCaches (5 bytes)
Event: 0.281 Thread 0x000002dc8fa3b530 nmethod 633 0x000002dc87afc890 code [0x000002dc87afca00, 0x000002dc87afcad0]
Event: 0.283 Thread 0x000002dc8fa3b530  634       3       java.lang.String::indexOf (64 bytes)
Event: 0.283 Thread 0x000002dc8fa3b530 nmethod 634 0x000002dc80100690 code [0x000002dc80100880, 0x000002dc80100d48]
Event: 0.283 Thread 0x000002dc8fa3b530  635       3       java.lang.StringLatin1::indexOf (25 bytes)
Event: 0.283 Thread 0x000002dc8fa3b530 nmethod 635 0x000002dc80100e90 code [0x000002dc80101040, 0x000002dc80101240]
Event: 0.284 Thread 0x000002dc8fa3b530  636       3       java.net.URL::lowerCaseProtocol (46 bytes)
Event: 0.284 Thread 0x000002dc8fa3b530 nmethod 636 0x000002dc80101310 code [0x000002dc80101520, 0x000002dc80101a20]
Event: 0.285 Thread 0x000002dc8fa3b530  637  s    3       java.io.ByteArrayOutputStream::reset (6 bytes)
Event: 0.285 Thread 0x000002dc8fa3b530 nmethod 637 0x000002dc80101b90 code [0x000002dc80101d20, 0x000002dc80101ef0]
Event: 0.285 Thread 0x000002dc93de4340  638       4       java.util.zip.ZipUtils::CENNAM (9 bytes)
Event: 0.286 Thread 0x000002dc93de4340 nmethod 638 0x000002dc87afcb90 code [0x000002dc87afcd00, 0x000002dc87afcdc8]
Event: 0.286 Thread 0x000002dc8fa3b530  639       3       sun.net.util.URLUtil::urlNoFragString (137 bytes)
Event: 0.287 Thread 0x000002dc8fa3b530 nmethod 639 0x000002dc80101f90 code [0x000002dc801022a0, 0x000002dc801033d0]
Event: 0.288 Thread 0x000002dc8fa3b530  640       3       java.lang.Character::getType (9 bytes)

GC Heap History (0 events):
No events

Dll operation events (6 events):
Event: 0.009 Loaded shared library C:\Program Files\Java\jdk-20\bin\java.dll
Event: 0.017 Loaded shared library C:\Program Files\Java\jdk-20\bin\jsvml.dll
Event: 0.088 Loaded shared library C:\Program Files\Java\jdk-20\bin\net.dll
Event: 0.090 Loaded shared library C:\Program Files\Java\jdk-20\bin\nio.dll
Event: 0.092 Loaded shared library C:\Program Files\Java\jdk-20\bin\zip.dll
Event: 0.135 Loaded shared library C:\Program Files\Java\jdk-20\bin\jimage.dll

Deoptimization events (18 events):
Event: 0.099 Thread 0x000002dcf11ed500 DEOPT PACKING pc=0x000002dc8000ab57 sp=0x000000f8c53fdbd0
Event: 0.099 Thread 0x000002dcf11ed500 DEOPT UNPACKING pc=0x000002dc8759e462 sp=0x000000f8c53fcff0 mode 0
Event: 0.103 Thread 0x000002dcf11ed500 DEOPT PACKING pc=0x000002dc80007541 sp=0x000000f8c53fdb90
Event: 0.103 Thread 0x000002dcf11ed500 DEOPT UNPACKING pc=0x000002dc8759e462 sp=0x000000f8c53fd008 mode 0
Event: 0.162 Thread 0x000002dcf11ed500 Uncommon trap: trap_request=0xffffff45 fr.pc=0x000002dc87adb064 relative=0x0000000000000164
Event: 0.162 Thread 0x000002dcf11ed500 Uncommon trap: reason=unstable_if action=reinterpret pc=0x000002dc87adb064 method=java.util.zip.ZipFile$Source.isMetaName([BII)Z @ 43 c2
Event: 0.162 Thread 0x000002dcf11ed500 DEOPT PACKING pc=0x000002dc87adb064 sp=0x000000f8c53fe630
Event: 0.162 Thread 0x000002dcf11ed500 DEOPT UNPACKING pc=0x000002dc8754d2a2 sp=0x000000f8c53fe5d8 mode 2
Event: 0.178 Thread 0x000002dcf11ed500 Uncommon trap: trap_request=0xffffff45 fr.pc=0x000002dc87ad6bf0 relative=0x0000000000000070
Event: 0.178 Thread 0x000002dcf11ed500 Uncommon trap: reason=unstable_if action=reinterpret pc=0x000002dc87ad6bf0 method=java.io.WinNTFileSystem.isSlash(C)Z @ 9 c2
Event: 0.178 Thread 0x000002dcf11ed500 DEOPT PACKING pc=0x000002dc87ad6bf0 sp=0x000000f8c53fed20
Event: 0.178 Thread 0x000002dcf11ed500 DEOPT UNPACKING pc=0x000002dc8754d2a2 sp=0x000000f8c53feca8 mode 2
Event: 0.269 Thread 0x000002dcf11ed500 DEOPT PACKING pc=0x000002dc80051524 sp=0x000000f8c53ff190
Event: 0.269 Thread 0x000002dcf11ed500 DEOPT UNPACKING pc=0x000002dc8759e462 sp=0x000000f8c53fe600 mode 0
Event: 0.271 Thread 0x000002dcf11ed500 DEOPT PACKING pc=0x000002dc8005df10 sp=0x000000f8c53ff090
Event: 0.271 Thread 0x000002dcf11ed500 DEOPT UNPACKING pc=0x000002dc8759e462 sp=0x000000f8c53fe530 mode 0
Event: 0.277 Thread 0x000002dcf11ed500 DEOPT PACKING pc=0x000002dc8002f2c7 sp=0x000000f8c53ff050
Event: 0.277 Thread 0x000002dcf11ed500 DEOPT UNPACKING pc=0x000002dc8759e462 sp=0x000000f8c53fe4d0 mode 0

Classes loaded (20 events):
Event: 0.241 Loading class java/lang/NumberFormatException
Event: 0.241 Loading class java/lang/NumberFormatException done
Event: 0.248 Loading class java/util/ServiceConfigurationError
Event: 0.249 Loading class java/util/ServiceConfigurationError done
Event: 0.249 Loading class java/lang/NoSuchFieldError
Event: 0.249 Loading class java/lang/NoSuchFieldError done
Event: 0.250 Loading class java/lang/UnsupportedOperationException
Event: 0.250 Loading class java/lang/UnsupportedOperationException done
Event: 0.250 Loading class java/util/concurrent/LinkedBlockingQueue
Event: 0.250 Loading class java/util/concurrent/BlockingQueue
Event: 0.250 Loading class java/util/concurrent/BlockingQueue done
Event: 0.250 Loading class java/util/AbstractQueue
Event: 0.251 Loading class java/util/AbstractQueue done
Event: 0.251 Loading class java/util/concurrent/LinkedBlockingQueue done
Event: 0.251 Loading class java/util/concurrent/LinkedBlockingQueue$Node
Event: 0.251 Loading class java/util/concurrent/LinkedBlockingQueue$Node done
Event: 0.251 Loading class java/lang/InheritableThreadLocal
Event: 0.252 Loading class java/lang/InheritableThreadLocal done
Event: 0.253 Loading class java/lang/SecurityException
Event: 0.253 Loading class java/lang/SecurityException done

Classes unloaded (0 events):
No events

Classes redefined (0 events):
No events

Internal exceptions (4 events):
Event: 0.198 Thread 0x000002dcf11ed500 Exception <a 'java/lang/NoSuchMethodError'{0x000000008bc28840}: 'void java.lang.invoke.DirectMethodHandle$Holder.invokeSpecial(java.lang.Object, java.lang.Object, java.lang.Object)'> (0x000000008bc28840) 
thrown [s\open\src\hotspot\share\interpreter\linkResolver.cpp, line 773]
Event: 0.243 Thread 0x000002dcf11ed500 Exception <a 'java/lang/NoSuchMethodError'{0x000000008bb78fb8}: 'void java.lang.invoke.DirectMethodHandle$Holder.invokeVirtual(java.lang.Object, java.lang.Object)'> (0x000000008bb78fb8) 
thrown [s\open\src\hotspot\share\interpreter\linkResolver.cpp, line 773]
Event: 0.244 Thread 0x000002dcf11ed500 Exception <a 'java/lang/NoSuchMethodError'{0x000000008bb80b80}: 'int java.lang.invoke.DirectMethodHandle$Holder.invokeVirtual(java.lang.Object, java.lang.Object)'> (0x000000008bb80b80) 
thrown [s\open\src\hotspot\share\interpreter\linkResolver.cpp, line 773]
Event: 0.255 Thread 0x000002dcf11ed500 Exception <a 'java/lang/NoClassDefFoundError'{0x000000008bbe2dc8}: org/apache/logging/log4j/LogManager> (0x000000008bbe2dc8) 
thrown [s\open\src\hotspot\share\classfile\systemDictionary.cpp, line 294]

VM Operations (4 events):
Event: 0.097 Executing VM operation: HandshakeAllThreads
Event: 0.097 Executing VM operation: HandshakeAllThreads done
Event: 0.178 Executing VM operation: HandshakeAllThreads
Event: 0.178 Executing VM operation: HandshakeAllThreads done

Events (12 events):
Event: 0.017 Thread 0x000002dcf11ed500 Thread added: 0x000002dcf11ed500
Event: 0.026 Thread 0x000002dc8fa2ded0 Thread added: 0x000002dc8fa2ded0
Event: 0.026 Thread 0x000002dc8fa2ead0 Thread added: 0x000002dc8fa2ead0
Event: 0.026 Thread 0x000002dc8fa301d0 Thread added: 0x000002dc8fa301d0
Event: 0.026 Thread 0x000002dc8fa334f0 Thread added: 0x000002dc8fa334f0
Event: 0.026 Thread 0x000002dc8fa33f20 Thread added: 0x000002dc8fa33f20
Event: 0.026 Thread 0x000002dc8fa386a0 Thread added: 0x000002dc8fa386a0
Event: 0.026 Thread 0x000002dc8fa39400 Thread added: 0x000002dc8fa39400
Event: 0.026 Thread 0x000002dc8fa3b530 Thread added: 0x000002dc8fa3b530
Event: 0.083 Thread 0x000002dc93d09030 Thread added: 0x000002dc93d09030
Event: 0.086 Thread 0x000002dc93d33b20 Thread added: 0x000002dc93d33b20
Event: 0.120 Thread 0x000002dc93de4340 Thread added: 0x000002dc93de4340


Dynamic libraries:
0x00007ff682590000 - 0x00007ff6825a0000 	C:\Program Files\Java\jdk-20\bin\java.exe
0x00007ffdd7df0000 - 0x00007ffdd8007000 	C:\WINDOWS\SYSTEM32\ntdll.dll
0x00007ffdd5ec0000 - 0x00007ffdd5f84000 	C:\WINDOWS\System32\KERNEL32.DLL
0x00007ffdd5160000 - 0x00007ffdd5506000 	C:\WINDOWS\System32\KERNELBASE.dll
0x00007ffdd56f0000 - 0x00007ffdd5801000 	C:\WINDOWS\System32\ucrtbase.dll
0x00007ffdcaf80000 - 0x00007ffdcaf9b000 	C:\Program Files\Java\jdk-20\bin\VCRUNTIME140.dll
0x00007ffdcb090000 - 0x00007ffdcb0a9000 	C:\Program Files\Java\jdk-20\bin\jli.dll
0x00007ffdd6200000 - 0x00007ffdd62b1000 	C:\WINDOWS\System32\ADVAPI32.dll
0x00007ffdd5b50000 - 0x00007ffdd5bf7000 	C:\WINDOWS\System32\msvcrt.dll
0x00007ffdd6970000 - 0x00007ffdd6a15000 	C:\WINDOWS\System32\sechost.dll
0x00007ffdd6740000 - 0x00007ffdd6857000 	C:\WINDOWS\System32\RPCRT4.dll
0x00007ffdd71a0000 - 0x00007ffdd734e000 	C:\WINDOWS\System32\USER32.dll
0x00007ffdd58b0000 - 0x00007ffdd58d6000 	C:\WINDOWS\System32\win32u.dll
0x00007ffdd6860000 - 0x00007ffdd6889000 	C:\WINDOWS\System32\GDI32.dll
0x00007ffdd5510000 - 0x00007ffdd5628000 	C:\WINDOWS\System32\gdi32full.dll
0x00007ffdd5810000 - 0x00007ffdd58aa000 	C:\WINDOWS\System32\msvcp_win.dll
0x00007ffdc0f90000 - 0x00007ffdc1223000 	C:\WINDOWS\WinSxS\amd64_microsoft.windows.common-controls_6595b64144ccf1df_6.0.22621.2506_none_270c5ae97388e100\COMCTL32.dll
0x00007ffdcc670000 - 0x00007ffdcc67a000 	C:\WINDOWS\SYSTEM32\VERSION.dll
0x00007ffdd5f90000 - 0x00007ffdd5fc1000 	C:\WINDOWS\System32\IMM32.DLL
0x00007ffdcb1a0000 - 0x00007ffdcb1ac000 	C:\Program Files\Java\jdk-20\bin\vcruntime140_1.dll
0x00007ffdae690000 - 0x00007ffdae71e000 	C:\Program Files\Java\jdk-20\bin\msvcp140.dll
0x00007ffd478d0000 - 0x00007ffd48567000 	C:\Program Files\Java\jdk-20\bin\server\jvm.dll
0x00007ffdd2bb0000 - 0x00007ffdd2be4000 	C:\WINDOWS\SYSTEM32\WINMM.dll
0x00007ffdcaf70000 - 0x00007ffdcaf79000 	C:\WINDOWS\SYSTEM32\WSOCK32.dll
0x00007ffdd7d30000 - 0x00007ffdd7da1000 	C:\WINDOWS\System32\WS2_32.dll
0x00007ffdd4250000 - 0x00007ffdd4268000 	C:\WINDOWS\SYSTEM32\kernel.appcore.dll
0x00007ffdcaf60000 - 0x00007ffdcaf6a000 	C:\Program Files\Java\jdk-20\bin\jimage.dll
0x00007ffdd28f0000 - 0x00007ffdd2b23000 	C:\WINDOWS\SYSTEM32\DBGHELP.DLL
0x00007ffdd6be0000 - 0x00007ffdd6f69000 	C:\WINDOWS\System32\combase.dll
0x00007ffdd6120000 - 0x00007ffdd61f7000 	C:\WINDOWS\System32\OLEAUT32.dll
0x00007ffdd2b70000 - 0x00007ffdd2ba2000 	C:\WINDOWS\SYSTEM32\dbgcore.DLL
0x00007ffdd5a50000 - 0x00007ffdd5aca000 	C:\WINDOWS\System32\bcryptPrimitives.dll
0x00007ffdcaf10000 - 0x00007ffdcaf36000 	C:\Program Files\Java\jdk-20\bin\java.dll
0x00007ffd97470000 - 0x00007ffd97547000 	C:\Program Files\Java\jdk-20\bin\jsvml.dll
0x00007ffdd7360000 - 0x00007ffdd7bba000 	C:\WINDOWS\System32\SHELL32.dll
0x00007ffdd3080000 - 0x00007ffdd3976000 	C:\WINDOWS\SYSTEM32\windows.storage.dll
0x00007ffdd2f40000 - 0x00007ffdd307e000 	C:\WINDOWS\SYSTEM32\wintypes.dll
0x00007ffdd7bc0000 - 0x00007ffdd7cb3000 	C:\WINDOWS\System32\SHCORE.dll
0x00007ffdd7140000 - 0x00007ffdd719e000 	C:\WINDOWS\System32\shlwapi.dll
0x00007ffdd5090000 - 0x00007ffdd50b6000 	C:\WINDOWS\SYSTEM32\profapi.dll
0x00007ffdc5620000 - 0x00007ffdc5633000 	C:\Program Files\Java\jdk-20\bin\net.dll
0x00007ffdcef40000 - 0x00007ffdcf077000 	C:\WINDOWS\SYSTEM32\WINHTTP.dll
0x00007ffdd46d0000 - 0x00007ffdd4739000 	C:\WINDOWS\system32\mswsock.dll
0x00007ffdc5560000 - 0x00007ffdc5576000 	C:\Program Files\Java\jdk-20\bin\nio.dll
0x00007ffdc01e0000 - 0x00007ffdc01f8000 	C:\Program Files\Java\jdk-20\bin\zip.dll

dbghelp: loaded successfully - version: 4.0.5 - missing functions: none
symbol engine: initialized successfully - sym options: 0x614 - pdb path: .;C:\Program Files\Java\jdk-20\bin;C:\WINDOWS\SYSTEM32;C:\WINDOWS\WinSxS\amd64_microsoft.windows.common-controls_6595b64144ccf1df_6.0.22621.2506_none_270c5ae97388e100;C:\Program Files\Java\jdk-20\bin\server

VM Arguments:
java_command: io.vertx.core.Launcher run recoeve.http.Recoeve -Dvertx.id=fc199b4e-e1d9-488b-b10d-5a62c9c5686e-redeploy
java_class_path (initial): C:\Recoeve\build\classes\java\main;C:\Recoeve\build\resources\main;C:\Users\kipac\.gradle\caches\modules-2\files-2.1\io.netty\netty-all\4.1.104.Final\d75246285e5fac6f6dad47e387ed4f46f36e521d\netty-all-4.1.104.Final.jar;C:\Users\kipac\.gradle\caches\modules-2\files-2.1\com.mysql\mysql-connector-j\8.1.0\3f78d2963935f44a61edb3961a591cdc392c8941\mysql-connector-j-8.1.0.jar;C:\Users\kipac\.gradle\caches\modules-2\files-2.1\javax.mail\mail\1.4.7\9add058589d5d85adeb625859bf2c5eeaaedf12d\mail-1.4.7.jar;C:\Users\kipac\.gradle\caches\modules-2\files-2.1\org.jsoup\jsoup\1.17.1\752fccc9fcb6ec5be460a559e92662658a4755fe\jsoup-1.17.1.jar;C:\Users\kipac\.gradle\caches\modules-2\files-2.1\io.vertx\vertx-auth-jdbc\4.5.1\231d14cf252c56b40960719dafde123669fcc62e\vertx-auth-jdbc-4.5.1.jar;C:\Users\kipac\.gradle\caches\modules-2\files-2.1\io.vertx\vertx-jdbc-client\4.5.1\fcfafc143c398df52dcdad55fe1540f71546fc93\vertx-jdbc-client-4.5.1.jar;C:\Users\kipac\.gradle\caches\modules-2\files-2.1\io.vertx\vertx-http-service-factory\4.5.1\9174054b7e3e054d187b0946e0a2b3f3dd286588\vertx-http-service-factory-4.5.1.jar;C:\Users\kipac\.gradle\caches\modules-2\files-2.1\io.vertx\vertx-rx-java\4.5.1\f16adcb57c58e8eb4c117e9218178aaf175caab0\vertx-rx-java-4.5.1.jar;C:\Users\kipac\.gradle\caches\modules-2\files-2.1\io.vertx\vertx-rx-java2\4.5.1\2cdf2aff5e304bf654fab817ef5cd5a0b273832b\vertx-rx-java2-4.5.1.jar;C:\Users\kipac\.gradle\caches\modules-2\files-2.1\io.vertx\vertx-rx-java3\4.5.1\8b690bdf29ca50dfe92b512449aef71fc17f2145\vertx-rx-java3-4.5.1.jar;C:\Users\kipac\.gradle\caches\modules-2\files-2.1\io.vertx\vertx-auth-oauth2\4.5.1\a4ea73910fcebd083c4e4b9c6b679161df491e42\vertx-auth-oauth2-4.5.1.jar;C:\Users\kipac\.gradle\caches\modules-2\files-2.1\io.vertx\vertx-web-api-contract\4.5.1\1ce54ecfa2be74261b75614c09109f73decb74d5\vertx-web-api-contract-4.5.1.jar;C:\Users\kipac\.gradle\caches\modules-2\files-2.1\io.vertx\vertx-web-openapi\4.5.1\7f682d416fa3432d0eddc9449c25618fab389cc7\vertx-web-openapi-4.5.1.jar;C:\Users\kipac\.gradle\caches\modules-2\files-2.1\io.vertx\vertx-web-validation\4.5.1\31c7a6fd1751f2e90c09dc6acea4fe1743b43dfd\vertx-web-validation-4.5.1.jar;C:\Users\kipac\.gradle\caches\modules-2\files-2.1\io.vertx\vertx-web\4.5.1\bbba27d02596a184a3c1c618ec8e17fd88c564bb\vertx-web-4.5.1.jar;C:\Users\kipac\.gradle\caches\modules-2\files-2.1\io.vertx\vertx-web-client\4.5.1\7e8e6cb664d1e13076307551e99bd5f168e77750\vertx-web-client-4.5.1.jar;C:\Users\kipac\.gradle\caches\modules-2\files-2.1\io.vertx\vertx-mail-client\4.5.1\9e114afa10cdfc10e1b1d79a41ecf21c423c1fa9\vertx-mail-client-4.5.1.jar;C:\Users\kipac\.gradle\caches\modules-2\files-2.1\io.vertx\vertx-mysql-client\4.5.1\2803b6a93bb4543773c0427ac508e9acf5869b10\vertx-mysql-client-4.5.1.jar;C:\Users\kipac\.gradle\caches\modules-2\files-2.1\io.vertx\vertx-config\4.5.1\850d2d6eda8f041d6a68fed10bcee63d4d6d2b6f\vertx-config-4.5.1.jar;C:\Users\kipac\.gradle\caches\modules-2\files-2.1\io.vertx\vertx-json-schema\4.5.1\7ca89d6e50e77144590ff00ca166265ff9d9c15\vertx-json-schema-4.5.1.jar;C:\Users\kipac\.gradle\caches\modules-2\files-2.1\io.vertx\vertx-sql-client\4.5.1\4990ad2445ac66984d8bbe13910de439012f4267\vertx-sql-client-4.5.1.jar;C:\Users\kipac\.gradle\caches\modules-2\files-2.1\io.vertx\vertx-service-factory\4.5.1\8e7ba284a6c7d16857b09d1ef6a6b283c793bd29\vertx-service-factory-4.5.1.jar;C:\Users\kipac\.gradle\caches\modules-2\files-2.1\io.vertx\vertx-rx-java-gen\4.5.1\1aec2ec025ff8eeac4c6fb7f086cd8e7b3c15587\vertx-rx-java-gen-4.5.1.jar;C:\Users\kipac\.gradle\caches\modules-2\files-2.1\io.vertx\vertx-rx-java2-gen\4.5.1\ab67a631aea6becf2453fbd87402697ebc142a01\vertx-rx-java2-gen-4.5.1.jar;C:\Users\kipac\.gradle\caches\modules-2\files-2.1\io.vertx\vertx-rx-java3-gen\4.5.1\89988b242442b7f6f2ea603a2b0103297bf463ce\vertx-rx-java3-gen-4.5.1.jar;C:\Users\kipac\.gradle\caches\modules-2\files-2.1\io.vertx\vertx-rx-gen\4.5.1\12dfc0248c2443d7106ae94b0f00a6ab18dde8ff\vertx-rx-gen-4.5.1.jar;C:\Users\kipac\.gradle\caches\modules-2\files-2.1\io.vertx\vertx-auth-common\4.5.1\287bccc371db0fc7e81e908685dd29f3646fa2e4\vertx-auth-common-4.5.1.jar;C:\Users\kipac\.gradle\caches\modules-2\files-2.1\io.vertx\vertx-web-common\4.5.1\1ae3be6aea42130b5004ac5ee14391afe9bf8619\vertx-web-common-4.5.1.jar;C:\Users\kipac\.gradle\caches\modules-2\files-2.1\io.vertx\vertx-bridge-common\4.5.1\6ae0dbd2aa813f5b6993273526273df2cdda3291\vertx-bridge-common-4.5.1.jar;C:\Users\kipac\.gradle\caches\modules-2\files-2.1\io.vertx\vertx-uri-template\4.5.1\b32f651a70f741c3ec8a735b215b941aac3d5102\vertx-uri-template-4.5.1.jar;C:\Users\kipac\.gradle\caches\modules-2\files-2.1\io.vertx\vertx-core\4.5.1\30901de81e86109fcd768f6150686795e62ed0f7\vertx-core-4.5.1.jar;C:\Users\kipac\.gradle\caches\modules-2\files-2.1\io.netty\netty-transport-native-epoll\4.1.104.Final\623f64cd9be2b2600bee421481031f598c9b1948\netty-transport-native-epoll-4.1.104.Final-linux-x86_64.jar;C:\Users\kipac\.gradle\caches\modules-2\files-2.1\io.netty\netty-transport-native-epoll\4.1.104.Final\a84423d68bbb680ac4f249e8644c8ea32d9a7237\netty-transport-native-epoll-4.1.104.Final-linux-aarch_64.jar;C:\Users\kipac\.gradle\caches\modules-2\files-2.1\io.netty\netty-transport-native-epoll\4.1.104.Final\45e81243bd61c97e110c189a335e122c9664a9f0\netty-transport-native-epoll-4.1.104.Final-linux-riscv64.jar;C:\Users\kipac\.gradle\caches\modules-2\files-2.1\io.netty\netty-transport-native-kqueue\4.1.104.Final\f4e6082e46f0fad6b10a458d9b6c717024f6b815\netty-transport-native-kqueue-4.1.104.Final-osx-x86_64.jar;C:\Users\kipac\.gradle\caches\modules-2\files-2.1\io.netty\netty-transport-native-kqueue\4.1.104.Final\40bc1da6daddd97a86d7b4662352c9fce4214570\netty-transport-native-kqueue-4.1.104.Final-osx-aarch_64.jar;C:\Users\kipac\.gradle\caches\modules-2\files-2.1\io.netty\netty-codec-http2\4.1.104.Final\5bb757929f7c4d1bf12740a378a99643caaad1ac\netty-codec-http2-4.1.104.Final.jar;C:\Users\kipac\.gradle\caches\modules-2\files-2.1\io.netty\netty-handler-proxy\4.1.104.Final\50a2d899a8f8a68daed1a9b6d7750184310cc45f\netty-handler-proxy-4.1.104.Final.jar;C:\Users\kipac\.gradle\caches\modules-2\files-2.1\io.netty\netty-codec-http\4.1.104.Final\2db1556de1b8dc07695604bf51a0a133263ad63f\netty-codec-http-4.1.104.Final.jar;C:\Users\kipac\.gradle\caches\modules-2\files-2.1\io.netty\netty-resolver-dns-native-macos\4.1.104.Final\8bea981983e7fe8a0cd6bee491102ba86061651b\netty-resolver-dns-native-macos-4.1.104.Final-osx-x86_64.jar;C:\Users\kipac\.gradle\caches\modules-2\files-2.1\io.netty\netty-resolver-dns-native-macos\4.1.104.Final\71f45e806438d782f05093589506460f27ff5b39\netty-resolver-dns-native-macos-4.1.104.Final-osx-aarch_64.jar;C:\Users\kipac\.gradle\caches\modules-2\files-2.1\io.netty\netty-resolver-dns-classes-macos\4.1.104.Final\def0b2dc9bbfc1bd83f5d6b1e566a4e55ca8983e\netty-resolver-dns-classes-macos-4.1.104.Final.jar;C:\Users\kipac\.gradle\caches\modules-2\files-2.1\io.netty\netty-resolver-dns\4.1.104.Final\f1210e5856fecb9182d58c0d33fa6e946b344b40\netty-resolver-dns-4.1.104.Final.jar;C:\Users\kipac\.gradle\caches\modules-2\files-2.1\io.netty\netty-handler\4.1.104.Final\18c0e659950cdef5f12c36eccfa14cbd2ad2049d\netty-handler-4.1.104.Final.jar;C:\Users\kipac\.gradle\caches\modules-2\files-2.1\io.netty\netty-transport-classes-epoll\4.1.104.Final\700fdbabab44709b0eccffe8f91c4226a5787356\netty-transport-classes-epoll-4.1.104.Final.jar;C:\Users\kipac\.gradle\caches\modules-2\files-2.1\io.netty\netty-transport-classes-kqueue\4.1.104.Final\56ba882515e29e29f028497a5dcdc8d1a80ced80\netty-transport-classes-kqueue-4.1.104.Final.jar;C:\Users\kipac\.gradle\caches\modules-2\files-2.1\io.netty\netty-transport-native-unix-common\4.1.104.Final\d4da9f7237ac3ac292891e0b2d5364acbce128cf\netty-transport-native-unix-common-4.1.104.Final.jar;C:\Users\kipac\.gradle\caches\modules-2\files-2.1\io.netty\netty-codec-socks\4.1.104.Final\5b126ceba61275f38297cacd5ea0cd6d3addee04\netty-codec-socks-4.1.104.Final.jar;C:\Users\kipac\.gradle\caches\modules-2\files-2.1\io.netty\netty-codec-dns\4.1.104.Final\8e237ce67ab230ed1ba749d6651b278333c21b3f\netty-codec-dns-4.1.104.Final.jar;C:\Users\kipac\.gradle\caches\modules-2\files-2.1\io.netty\netty-codec\4.1.104.Final\f51fcfd3baac88b2c0b8dc715932ad5622d17429\netty-codec-4.1.104.Final.jar;C:\Users\kipac\.gradle\caches\modules-2\files-2.1\io.netty\netty-transport\4.1.104.Final\da7b263b6fedc5add70e78ee8927c8bd2b9bb589\netty-transport-4.1.104.Final.jar;C:\Users\kipac\.gradle\caches\modules-2\files-2.1\io.netty\netty-buffer\4.1.104.Final\756797174b94a3aee11ce83522473f3c18287a43\netty-buffer-4.1.104.Final.jar;C:\Users\kipac\.gradle\caches\modules-2\files-2.1\io.netty\netty-codec-haproxy\4.1.104.Final\1389cd7bb1fa637a06afd3d4d9e7ddc3a01877bc\netty-codec-haproxy-4.1.104.Final.jar;C:\Users\kipac\.gradle\caches\modules-2\files-2.1\io.netty\netty-codec-memcache\4.1.104.Final\dee7e23be9bb7bbbc5644a6df7a7f31e136a5e74\netty-codec-memcache-4.1.104.Final.jar;C:\Users\kipac\.gradle\caches\modules-2\files-2.1\io.netty\netty-codec-mqtt\4.1.104.Final\7c71b2c53a38ce52b47da104a3dc412d4e9cbbaa\netty-codec-mqtt-4.1.104.Final.jar;C:\Users\kipac\.gradle\caches\modules-2\files-2.1\io.netty\netty-codec-redis\4.1.104.Final\7aa1baed1a9164c3149a72859ca898494c28b8f\netty-codec-redis-4.1.104.Final.jar;C:\Users\kipac\.gradle\caches\modules-2\files-2.1\io.netty\netty-codec-smtp\4.1.104.Final\c31975008b63a97f4d9cee41759efa79195c75b3\netty-codec-smtp-4.1.104.Final.jar;C:\Users\kipac\.gradle\caches\modules-2\files-2.1\io.netty\netty-codec-stomp\4.1.104.Final\83b90a8002c41857312853c733da85f7dfe5484a\netty-codec-stomp-4.1.104.Final.jar;C:\Users\kipac\.gradle\caches\modules-2\files-2.1\io.netty\netty-codec-xml\4.1.104.Final\f9e6c029a18350b7513395f3052671134b50c37a\netty-codec-xml-4.1.104.Final.jar;C:\Users\kipac\.gradle\caches\modules-2\files-2.1\io.netty\netty-resolver\4.1.104.Final\dfa4fe5c3a6eabb7af09902eb63266829876d8a2\netty-resolver-4.1.104.Final.jar;C:\Users\kipac\.gradle\caches\modules-2\files-2.1\io.netty\netty-common\4.1.104.Final\ec5fc4a7c5475eb20805e14f7274aa28872b5ba1\netty-common-4.1.104.Final.jar;C:\Users\kipac\.gradle\caches\modules-2\files-2.1\io.netty\netty-handler-ssl-ocsp\4.1.104.Final\9fb822d09196bde997de74fe9249a27f1002a24e\netty-handler-ssl-ocsp-4.1.104.Final.jar;C:\Users\kipac\.gradle\caches\modules-2\files-2.1\io.netty\netty-transport-rxtx\4.1.104.Final\5eebfc4a7bdfc4bef2c20e6c6cdfd6d4dad5b3d6\netty-transport-rxtx-4.1.104.Final.jar;C:\Users\kipac\.gradle\caches\modules-2\files-2.1\io.netty\netty-transport-sctp\4.1.104.Final\47d45888212f73cf8ce0c82f20160718f8b27d8d\netty-transport-sctp-4.1.104.Final.jar;C:\Users\kipac\.gradle\caches\modules-2\files-2.1\io.netty\netty-transport-udt\4.1.104.Final\dbbe857190caf1a2c29535d3c7df0ed143a618b0\netty-transport-udt-4.1.104.Final.jar;C:\Users\kipac\.gradle\caches\modules-2\files-2.1\com.networknt\json-schema-validator\1.0.43\521bf866cea810a1c35fc14ae4d7ede7b6fca4d2\json-schema-validator-1.0.43.jar;C:\Users\kipac\.gradle\caches\modules-2\files-2.1\io.vertx\vertx-codegen\4.5.1\bbc49365aed9c0d32e328794867c7496ce628051\vertx-codegen-4.5.1.jar;C:\Users\kipac\.gradle\caches\modules-2\files-2.1\com.fasterxml.jackson.core\jackson-core\2.15.3\60d600567c1862840397bf9ff5a92398edc5797b\jackson-core-2.15.3.jar;C:\Users\kipac\.gradle\caches\modules-2\files-2.1\com.fasterxml.jackson.core\jackson-databind\2.15.3\a734bc2c47a9453c4efa772461a3aeb273c010d9\jackson-databind-2.15.3.jar;C:\Users\kipac\.gradle\caches\modules-2\files-2.1\com.fasterxml.jackson.core\jackson-annotations\2.15.3\79baf4e605eb3bbb60b1c475d44a7aecceea1d60\jackson-annotations-2.15.3.jar;C:\Users\kipac\.gradle\caches\modules-2\files-2.1\org.yaml\snakeyaml\2.0\3aab2116756442bf0d4cd1c089b24d34c3baa253\snakeyaml-2.0.jar;C:\Users\kipac\.gradle\caches\modules-2\files-2.1\org.slf4j\slf4j-api\2.0.7\41eb7184ea9d556f23e18b5cb99cad1f8581fc00\slf4j-api-2.0.7.jar;C:\Users\kipac\.gradle\caches\modules-2\files-2.1\com.google.protobuf\protobuf-java\3.21.9\ed1240d9231044ce6ccf1978512f6e44416bb7e7\protobuf-java-3.21.9.jar;C:\Users\kipac\.gradle\caches\modules-2\files-2.1\javax.activation\activation\1.1\e6cb541461c2834bdea3eb920f1884d1eb508b50\activation-1.1.jar;C:\Users\kipac\.gradle\caches\modules-2\files-2.1\com.mchange\c3p0\0.9.5.5\37dfc3021e5589d65ff2ae0becf811510b87ab01\c3p0-0.9.5.5.jar;C:\Users\kipac\.gradle\caches\modules-2\files-2.1\org.bouncycastle\bcpg-jdk15on\1.54\15e9c66a6e4571a08963a6387518ab6776b0b7a0\bcpg-jdk15on-1.54.jar;C:\Users\kipac\.gradle\caches\modules-2\files-2.1\jakarta.xml.bind\jakarta.xml.bind-api\2.3.3\48e3b9cfc10752fba3521d6511f4165bea951801\jakarta.xml.bind-api-2.3.3.jar;C:\Users\kipac\.gradle\caches\modules-2\files-2.1\com.mchange\mchange-commons-java\0.2.19\7a4bee38ea02bd7dee776869b19fb3f6861d6acf\mchange-commons-java-0.2.19.jar;C:\Users\kipac\.gradle\caches\modules-2\files-2.1\org.bouncycastle\bcprov-jdk15on\1.54\1acdedeb89f1d950d67b73d481eb7736df65eedb\bcprov-jdk15on-1.54.jar;C:\Users\kipac\.gradle\caches\modules-2\files-2.1\io.reactivex\rxjava\1.3.8\8c192792ad2e65a90867ab418ac49703f44d2baf\rxjava-1.3.8.jar;C:\Users\kipac\.gradle\caches\modules-2\files-2.1\io.reactivex.rxjava2\rxjava\2.2.21\6f13f24c44567fc660aab94d639cda9f0fe95628\rxjava-2.2.21.jar;C:\Users\kipac\.gradle\caches\modules-2\files-2.1\io.reactivex.rxjava3\rxjava\3.0.13\2d8852fa0d83b346499fbabe3233cdea7c0f4095\rxjava-3.0.13.jar;C:\Users\kipac\.gradle\caches\modules-2\files-2.1\org.reactivestreams\reactive-streams\1.0.3\d9fb7a7926ffa635b3dcaa5049fb2bfa25b3e7d0\reactive-streams-1.0.3.jar;C:\Users\kipac\.gradle\caches\modules-2\files-2.1\org.apache.commons\commons-lang3\3.5\6c6c702c89bfff3cd9e80b04d668c5e190d588c6\commons-lang3-3.5.jar;C:\Users\kipac\.gradle\caches\modules-2\files-2.1\org.jruby.joni\joni\2.1.31\d7902dfb0a0c89bc613ff1eae281174ac59def96\joni-2.1.31.jar;C:\Users\kipac\.gradle\caches\modules-2\files-2.1\jakarta.activation\jakarta.activation-api\1.2.2\99f53adba383cb1bf7c3862844488574b559621f\jakarta.activation-api-1.2.2.jar;C:\Users\kipac\.gradle\caches\modules-2\files-2.1\org.jruby.jcodings\jcodings\1.0.46\781db88772093f825d8caf4014e4fb99121beb2f\jcodings-1.0.46.jar
Launcher Type: SUN_STANDARD

[Global flags]
     intx CICompilerCount                          = 4                                         {product} {ergonomic}
     uint ConcGCThreads                            = 2                                         {product} {ergonomic}
     uint G1ConcRefinementThreads                  = 8                                         {product} {ergonomic}
   size_t G1HeapRegionSize                         = 1048576                                   {product} {ergonomic}
    uintx GCDrainStackTargetSize                   = 64                                        {product} {ergonomic}
   size_t InitialHeapSize                          = 130023424                                 {product} {ergonomic}
   size_t MarkStackSize                            = 4194304                                   {product} {ergonomic}
   size_t MaxHeapSize                              = 2071986176                                {product} {ergonomic}
   size_t MaxNewSize                               = 1242562560                                {product} {ergonomic}
   size_t MinHeapDeltaBytes                        = 1048576                                   {product} {ergonomic}
   size_t MinHeapSize                              = 8388608                                   {product} {ergonomic}
    uintx NonNMethodCodeHeapSize                   = 5839372                                {pd product} {ergonomic}
    uintx NonProfiledCodeHeapSize                  = 122909434                              {pd product} {ergonomic}
    uintx ProfiledCodeHeapSize                     = 122909434                              {pd product} {ergonomic}
    uintx ReservedCodeCacheSize                    = 251658240                              {pd product} {ergonomic}
     bool SegmentedCodeCache                       = true                                      {product} {ergonomic}
   size_t SoftMaxHeapSize                          = 2071986176                             {manageable} {ergonomic}
     bool UseCompressedClassPointers               = true                           {product lp64_product} {ergonomic}
     bool UseCompressedOops                        = true                           {product lp64_product} {ergonomic}
     bool UseG1GC                                  = true                                      {product} {ergonomic}
     bool UseLargePagesIndividualAllocation        = false                                  {pd product} {ergonomic}

Logging:
Log output configuration:
 #0: stdout all=warning uptime,level,tags foldmultilines=false
 #1: stderr all=off uptime,level,tags foldmultilines=false

Environment Variables:
JAVA_HOME=C:\Program Files\Java\jdk-20
CLASSPATH=C:\Recoeve\build\classes\java\main;C:\Recoeve\build\resources\main;C:\Users\kipac\.gradle\caches\modules-2\files-2.1\io.netty\netty-all\4.1.104.Final\d75246285e5fac6f6dad47e387ed4f46f36e521d\netty-all-4.1.104.Final.jar;C:\Users\kipac\.gradle\caches\modules-2\files-2.1\com.mysql\mysql-connector-j\8.1.0\3f78d2963935f44a61edb3961a591cdc392c8941\mysql-connector-j-8.1.0.jar;C:\Users\kipac\.gradle\caches\modules-2\files-2.1\javax.mail\mail\1.4.7\9add058589d5d85adeb625859bf2c5eeaaedf12d\mail-1.4.7.jar;C:\Users\kipac\.gradle\caches\modules-2\files-2.1\org.jsoup\jsoup\1.17.1\752fccc9fcb6ec5be460a559e92662658a4755fe\jsoup-1.17.1.jar;C:\Users\kipac\.gradle\caches\modules-2\files-2.1\io.vertx\vertx-auth-jdbc\4.5.1\231d14cf252c56b40960719dafde123669fcc62e\vertx-auth-jdbc-4.5.1.jar;C:\Users\kipac\.gradle\caches\modules-2\files-2.1\io.vertx\vertx-jdbc-client\4.5.1\fcfafc143c398df52dcdad55fe1540f71546fc93\vertx-jdbc-client-4.5.1.jar;C:\Users\kipac\.gradle\caches\modules-2\files-2.1\io.vertx\vertx-http-service-factory\4.5.1\9174054b7e3e054d187b0946e0a2b3f3dd286588\vertx-http-service-factory-4.5.1.jar;C:\Users\kipac\.gradle\caches\modules-2\files-2.1\io.vertx\vertx-rx-java\4.5.1\f16adcb57c58e8eb4c117e9218178aaf175caab0\vertx-rx-java-4.5.1.jar;C:\Users\kipac\.gradle\caches\modules-2\files-2.1\io.vertx\vertx-rx-java2\4.5.1\2cdf2aff5e304bf654fab817ef5cd5a0b273832b\vertx-rx-java2-4.5.1.jar;C:\Users\kipac\.gradle\caches\modules-2\files-2.1\io.vertx\vertx-rx-java3\4.5.1\8b690bdf29ca50dfe92b512449aef71fc17f2145\vertx-rx-java3-4.5.1.jar;C:\Users\kipac\.gradle\caches\modules-2\files-2.1\io.vertx\vertx-auth-oauth2\4.5.1\a4ea73910fcebd083c4e4b9c6b679161df491e42\vertx-auth-oauth2-4.5.1.jar;C:\Users\kipac\.gradle\caches\modules-2\files-2.1\io.vertx\vertx-web-api-contract\4.5.1\1ce54ecfa2be74261b75614c09109f73decb74d5\vertx-web-api-contract-4.5.1.jar;C:\Users\kipac\.gradle\caches\modules-2\files-2.1\io.vertx\vertx-web-openapi\4.5.1\7f682d416fa3432d0eddc9449c25618fab389cc7\vertx-web-openapi-4.5.1.jar;C:\Users\kipac\.gradle\caches\modules-2\files-2.1\io.vertx\vertx-web-validation\4.5.1\31c7a6fd1751f2e90c09dc6acea4fe1743b43dfd\vertx-web-validation-4.5.1.jar;C:\Users\kipac\.gradle\caches\modules-2\files-2.1\io.vertx\vertx-web\4.5.1\bbba27d02596a184a3c1c618ec8e17fd88c564bb\vertx-web-4.5.1.jar;C:\Users\kipac\.gradle\caches\modules-2\files-2.1\io.vertx\vertx-web-client\4.5.1\7e8e6cb664d1e13076307551e99bd5f168e77750\vertx-web-client-4.5.1.jar;C:\Users\kipac\.gradle\caches\modules-2\files-2.1\io.vertx\vertx-mail-client\4.5.1\9e114afa10cdfc10e1b1d79a41ecf21c423c1fa9\vertx-mail-client-4.5.1.jar;C:\Users\kipac\.gradle\caches\modules-2\files-2.1\io.vertx\vertx-mysql-client\4.5.1\2803b6a93bb4543773c0427ac508e9acf5869b10\vertx-mysql-client-4.5.1.jar;C:\Users\kipac\.gradle\caches\modules-2\files-2.1\io.vertx\vertx-config\4.5.1\850d2d6eda8f041d6a68fed10bcee63d4d6d2b6f\vertx-config-4.5.1.jar;C:\Users\kipac\.gradle\caches\modules-2\files-2.1\io.vertx\vertx-json-schema\4.5.1\7ca89d6e50e77144590ff00ca166265ff9d9c15\vertx-json-schema-4.5.1.jar;C:\Users\kipac\.gradle\caches\modules-2\files-2.1\io.vertx\vertx-sql-client\4.5.1\4990ad2445ac66984d8bbe13910de439012f4267\vertx-sql-client-4.5.1.jar;C:\Users\kipac\.gradle\caches\modules-2\files-2.1\io.vertx\vertx-service-factory\4.5.1\8e7ba284a6c7d16857b09d1ef6a6b283c793bd29\vertx-service-factory-4.5.1.jar;C:\Users\kipac\.gradle\caches\modules-2\files-2.1\io.vertx\vertx-rx-java-gen\4.5.1\1aec2ec025ff8eeac4c6fb7f086cd8e7b3c15587\vertx-rx-java-gen-4.5.1.jar;C:\Users\kipac\.gradle\caches\modules-2\files-2.1\io.vertx\vertx-rx-java2-gen\4.5.1\ab67a631aea6becf2453fbd87402697ebc142a01\vertx-rx-java2-gen-4.5.1.jar;C:\Users\kipac\.gradle\caches\modules-2\files-2.1\io.vertx\vertx-rx-java3-gen\4.5.1\89988b242442b7f6f2ea603a2b0103297bf463ce\vertx-rx-java3-gen-4.5.1.jar;C:\Users\kipac\.gradle\caches\modules-2\files-2.1\io.vertx\vertx-rx-gen\4.5.1\12dfc0248c2443d7106ae94b0f00a6ab18dde8ff\vertx-rx-gen-4.5.1.jar;C:\Users\kipac\.gradle\caches\modules-2\files-2.1\io.vertx\vertx-auth-common\4.5.1\287bccc371db0fc7e81e908685dd29f3646fa2e4\vertx-auth-common-4.5.1.jar;C:\Users\kipac\.gradle\caches\modules-2\files-2.1\io.vertx\vertx-web-common\4.5.1\1ae3be6aea42130b5004ac5ee14391afe9bf8619\vertx-web-common-4.5.1.jar;C:\Users\kipac\.gradle\caches\modules-2\files-2.1\io.vertx\vertx-bridge-common\4.5.1\6ae0dbd2aa813f5b6993273526273df2cdda3291\vertx-bridge-common-4.5.1.jar;C:\Users\kipac\.gradle\caches\modules-2\files-2.1\io.vertx\vertx-uri-template\4.5.1\b32f651a70f741c3ec8a735b215b941aac3d5102\vertx-uri-template-4.5.1.jar;C:\Users\kipac\.gradle\caches\modules-2\files-2.1\io.vertx\vertx-core\4.5.1\30901de81e86109fcd768f6150686795e62ed0f7\vertx-core-4.5.1.jar;C:\Users\kipac\.gradle\caches\modules-2\files-2.1\io.netty\netty-transport-native-epoll\4.1.104.Final\623f64cd9be2b2600bee421481031f598c9b1948\netty-transport-native-epoll-4.1.104.Final-linux-x86_64.jar;C:\Users\kipac\.gradle\caches\modules-2\files-2.1\io.netty\netty-transport-native-epoll\4.1.104.Final\a84423d68bbb680ac4f249e8644c8ea32d9a7237\netty-transport-native-epoll-4.1.104.Final-linux-aarch_64.jar;C:\Users\kipac\.gradle\caches\modules-2\files-2.1\io.netty\netty-transport-native-epoll\4.1.104.Final\45e81243bd61c97e110c189a335e122c9664a9f0\netty-transport-native-epoll-4.1.104.Final-linux-riscv64.jar;C:\Users\kipac\.gradle\caches\modules-2\files-2.1\io.netty\netty-transport-native-kqueue\4.1.104.Final\f4e6082e46f0fad6b10a458d9b6c717024f6b815\netty-transport-native-kqueue-4.1.104.Final-osx-x86_64.jar;C:\Users\kipac\.gradle\caches\modules-2\files-2.1\io.netty\netty-transport-native-kqueue\4.1.104.Final\40bc1da6daddd97a86d7b4662352c9fce4214570\netty-transport-native-kqueue-4.1.104.Final-osx-aarch_64.jar;C:\Users\kipac\.gradle\caches\modules-2\files-2.1\io.netty\netty-codec-http2\4.1.104.Final\5bb757929f7c4d1bf12740a378a99643caaad1ac\netty-codec-http2-4.1.104.Final.jar;C:\Users\kipac\.gradle\caches\modules-2\files-2.1\io.netty\netty-handler-proxy\4.1.104.Final\50a2d899a8f8a68daed1a9b6d7750184310cc45f\netty-handler-proxy-4.1.104.Final.jar;C:\Users\kipac\.gradle\caches\modules-2\files-2.1\io.netty\netty-codec-http\4.1.104.Final\2db1556de1b8dc07695604bf51a0a133263ad63f\netty-codec-http-4.1.104.Final.jar;C:\Users\kipac\.gradle\caches\modules-2\files-2.1\io.netty\netty-resolver-dns-native-macos\4.1.104.Final\8bea981983e7fe8a0cd6bee491102ba86061651b\netty-resolver-dns-native-macos-4.1.104.Final-osx-x86_64.jar;C:\Users\kipac\.gradle\caches\modules-2\files-2.1\io.netty\netty-resolver-dns-native-macos\4.1.104.Final\71f45e806438d782f05093589506460f27ff5b39\netty-resolver-dns-native-macos-4.1.104.Final-osx-aarch_64.jar;C:\Users\kipac\.gradle\caches\modules-2\files-2.1\io.netty\netty-resolver-dns-classes-macos\4.1.104.Final\def0b2dc9bbfc1bd83f5d6b1e566a4e55ca8983e\netty-resolver-dns-classes-macos-4.1.104.Final.jar;C:\Users\kipac\.gradle\caches\modules-2\files-2.1\io.netty\netty-resolver-dns\4.1.104.Final\f1210e5856fecb9182d58c0d33fa6e946b344b40\netty-resolver-dns-4.1.104.Final.jar;C:\Users\kipac\.gradle\caches\modules-2\files-2.1\io.netty\netty-handler\4.1.104.Final\18c0e659950cdef5f12c36eccfa14cbd2ad2049d\netty-handler-4.1.104.Final.jar;C:\Users\kipac\.gradle\caches\modules-2\files-2.1\io.netty\netty-transport-classes-epoll\4.1.104.Final\700fdbabab44709b0eccffe8f91c4226a5787356\netty-transport-classes-epoll-4.1.104.Final.jar;C:\Users\kipac\.gradle\caches\modules-2\files-2.1\io.netty\netty-transport-classes-kqueue\4.1.104.Final\56ba882515e29e29f028497a5dcdc8d1a80ced80\netty-transport-classes-kqueue-4.1.104.Final.jar;C:\Users\kipac\.gradle\caches\modules-2\files-2.1\io.netty\netty-transport-native-unix-common\4.1.104.Final\d4da9f7237ac3ac292891e0b2d5364acbce128cf\netty-transport-native-unix-common-4.1.104.Final.jar;C:\Users\kipac\.gradle\caches\modules-2\files-2.1\io.netty\netty-codec-socks\4.1.104.Final\5b126ceba61275f38297cacd5ea0cd6d3addee04\netty-codec-socks-4.1.104.Final.jar;C:\Users\kipac\.gradle\caches\modules-2\files-2.1\io.netty\netty-codec-dns\4.1.104.Final\8e237ce67ab230ed1ba749d6651b278333c21b3f\netty-codec-dns-4.1.104.Final.jar;C:\Users\kipac\.gradle\caches\modules-2\files-2.1\io.netty\netty-codec\4.1.104.Final\f51fcfd3baac88b2c0b8dc715932ad5622d17429\netty-codec-4.1.104.Final.jar;C:\Users\kipac\.gradle\caches\modules-2\files-2.1\io.netty\netty-transport\4.1.104.Final\da7b263b6fedc5add70e78ee8927c8bd2b9bb589\netty-transport-4.1.104.Final.jar;C:\Users\kipac\.gradle\caches\modules-2\files-2.1\io.netty\netty-buffer\4.1.104.Final\756797174b94a3aee11ce83522473f3c18287a43\netty-buffer-4.1.104.Final.jar;C:\Users\kipac\.gradle\caches\modules-2\files-2.1\io.netty\netty-codec-haproxy\4.1.104.Final\1389cd7bb1fa637a06afd3d4d9e7ddc3a01877bc\netty-codec-haproxy-4.1.104.Final.jar;C:\Users\kipac\.gradle\caches\modules-2\files-2.1\io.netty\netty-codec-memcache\4.1.104.Final\dee7e23be9bb7bbbc5644a6df7a7f31e136a5e74\netty-codec-memcache-4.1.104.Final.jar;C:\Users\kipac\.gradle\caches\modules-2\files-2.1\io.netty\netty-codec-mqtt\4.1.104.Final\7c71b2c53a38ce52b47da104a3dc412d4e9cbbaa\netty-codec-mqtt-4.1.104.Final.jar;C:\Users\kipac\.gradle\caches\modules-2\files-2.1\io.netty\netty-codec-redis\4.1.104.Final\7aa1baed1a9164c3149a72859ca898494c28b8f\netty-codec-redis-4.1.104.Final.jar;C:\Users\kipac\.gradle\caches\modules-2\files-2.1\io.netty\netty-codec-smtp\4.1.104.Final\c31975008b63a97f4d9cee41759efa79195c75b3\netty-codec-smtp-4.1.104.Final.jar;C:\Users\kipac\.gradle\caches\modules-2\files-2.1\io.netty\netty-codec-stomp\4.1.104.Final\83b90a8002c41857312853c733da85f7dfe5484a\netty-codec-stomp-4.1.104.Final.jar;C:\Users\kipac\.gradle\caches\modules-2\files-2.1\io.netty\netty-codec-xml\4.1.104.Final\f9e6c029a18350b7513395f3052671134b50c37a\netty-codec-xml-4.1.104.Final.jar;C:\Users\kipac\.gradle\caches\modules-2\files-2.1\io.netty\netty-resolver\4.1.104.Final\dfa4fe5c3a6eabb7af09902eb63266829876d8a2\netty-resolver-4.1.104.Final.jar;C:\Users\kipac\.gradle\caches\modules-2\files-2.1\io.netty\netty-common\4.1.104.Final\ec5fc4a7c5475eb20805e14f7274aa28872b5ba1\netty-common-4.1.104.Final.jar;C:\Users\kipac\.gradle\caches\modules-2\files-2.1\io.netty\netty-handler-ssl-ocsp\4.1.104.Final\9fb822d09196bde997de74fe9249a27f1002a24e\netty-handler-ssl-ocsp-4.1.104.Final.jar;C:\Users\kipac\.gradle\caches\modules-2\files-2.1\io.netty\netty-transport-rxtx\4.1.104.Final\5eebfc4a7bdfc4bef2c20e6c6cdfd6d4dad5b3d6\netty-transport-rxtx-4.1.104.Final.jar;C:\Users\kipac\.gradle\caches\modules-2\files-2.1\io.netty\netty-transport-sctp\4.1.104.Final\47d45888212f73cf8ce0c82f20160718f8b27d8d\netty-transport-sctp-4.1.104.Final.jar;C:\Users\kipac\.gradle\caches\modules-2\files-2.1\io.netty\netty-transport-udt\4.1.104.Final\dbbe857190caf1a2c29535d3c7df0ed143a618b0\netty-transport-udt-4.1.104.Final.jar;C:\Users\kipac\.gradle\caches\modules-2\files-2.1\com.networknt\json-schema-validator\1.0.43\521bf866cea810a1c35fc14ae4d7ede7b6fca4d2\json-schema-validator-1.0.43.jar;C:\Users\kipac\.gradle\caches\modules-2\files-2.1\io.vertx\vertx-codegen\4.5.1\bbc49365aed9c0d32e328794867c7496ce628051\vertx-codegen-4.5.1.jar;C:\Users\kipac\.gradle\caches\modules-2\files-2.1\com.fasterxml.jackson.core\jackson-core\2.15.3\60d600567c1862840397bf9ff5a92398edc5797b\jackson-core-2.15.3.jar;C:\Users\kipac\.gradle\caches\modules-2\files-2.1\com.fasterxml.jackson.core\jackson-databind\2.15.3\a734bc2c47a9453c4efa772461a3aeb273c010d9\jackson-databind-2.15.3.jar;C:\Users\kipac\.gradle\caches\modules-2\files-2.1\com.fasterxml.jackson.core\jackson-annotations\2.15.3\79baf4e605eb3bbb60b1c475d44a7aecceea1d60\jackson-annotations-2.15.3.jar;C:\Users\kipac\.gradle\caches\modules-2\files-2.1\org.yaml\snakeyaml\2.0\3aab2116756442bf0d4cd1c089b24d34c3baa253\snakeyaml-2.0.jar;C:\Users\kipac\.gradle\caches\modules-2\files-2.1\org.slf4j\slf4j-api\2.0.7\41eb7184ea9d556f23e18b5cb99cad1f8581fc00\slf4j-api-2.0.7.jar;C:\Users\kipac\.gradle\caches\modules-2\files-2.1\com.google.protobuf\protobuf-java\3.21.9\ed1240d9231044ce6ccf1978512f6e44416bb7e7\protobuf-java-3.21.9.jar;C:\Users\kipac\.gradle\caches\modules-2\files-2.1\javax.activation\activation\1.1\e6cb541461c2834bdea3eb920f1884d1eb508b50\activation-1.1.jar;C:\Users\kipac\.gradle\caches\modules-2\files-2.1\com.mchange\c3p0\0.9.5.5\37dfc3021e5589d65ff2ae0becf811510b87ab01\c3p0-0.9.5.5.jar;C:\Users\kipac\.gradle\caches\modules-2\files-2.1\org.bouncycastle\bcpg-jdk15on\1.54\15e9c66a6e4571a08963a6387518ab6776b0b7a0\bcpg-jdk15on-1.54.jar;C:\Users\kipac\.gradle\caches\modules-2\files-2.1\jakarta.xml.bind\jakarta.xml.bind-api\2.3.3\48e3b9cfc10752fba3521d6511f4165bea951801\jakarta.xml.bind-api-2.3.3.jar;C:\Users\kipac\.gradle\caches\modules-2\files-2.1\com.mchange\mchange-commons-java\0.2.19\7a4bee38ea02bd7dee776869b19fb3f6861d6acf\mchange-commons-java-0.2.19.jar;C:\Users\kipac\.gradle\caches\modules-2\files-2.1\org.bouncycastle\bcprov-jdk15on\1.54\1acdedeb89f1d950d67b73d481eb7736df65eedb\bcprov-jdk15on-1.54.jar;C:\Users\kipac\.gradle\caches\modules-2\files-2.1\io.reactivex\rxjava\1.3.8\8c192792ad2e65a90867ab418ac49703f44d2baf\rxjava-1.3.8.jar;C:\Users\kipac\.gradle\caches\modules-2\files-2.1\io.reactivex.rxjava2\rxjava\2.2.21\6f13f24c44567fc660aab94d639cda9f0fe95628\rxjava-2.2.21.jar;C:\Users\kipac\.gradle\caches\modules-2\files-2.1\io.reactivex.rxjava3\rxjava\3.0.13\2d8852fa0d83b346499fbabe3233cdea7c0f4095\rxjava-3.0.13.jar;C:\Users\kipac\.gradle\caches\modules-2\files-2.1\org.reactivestreams\reactive-streams\1.0.3\d9fb7a7926ffa635b3dcaa5049fb2bfa25b3e7d0\reactive-streams-1.0.3.jar;C:\Users\kipac\.gradle\caches\modules-2\files-2.1\org.apache.commons\commons-lang3\3.5\6c6c702c89bfff3cd9e80b04d668c5e190d588c6\commons-lang3-3.5.jar;C:\Users\kipac\.gradle\caches\modules-2\files-2.1\org.jruby.joni\joni\2.1.31\d7902dfb0a0c89bc613ff1eae281174ac59def96\joni-2.1.31.jar;C:\Users\kipac\.gradle\caches\modules-2\files-2.1\jakarta.activation\jakarta.activation-api\1.2.2\99f53adba383cb1bf7c3862844488574b559621f\jakarta.activation-api-1.2.2.jar;C:\Users\kipac\.gradle\caches\modules-2\files-2.1\org.jruby.jcodings\jcodings\1.0.46\781db88772093f825d8caf4014e4fb99121beb2f\jcodings-1.0.46.jar
PATH=C:\Program Files\Common Files\Oracle\Java\javapath;C:\WINDOWS\system32;C:\WINDOWS;C:\WINDOWS\System32\Wbem;C:\WINDOWS\System32\WindowsPowerShell\v1.0\;C:\WINDOWS\System32\OpenSSH\;C:\Program Files\Git\cmd;C:\Users\kipac\AppData\Local\Microsoft\WindowsApps;C:\Users\kipac\AppData\Local\GitHubDesktop\bin;C:\Program Files\Java\jdk-20\bin;C:\vertx\v4.5.1\bin;C:\Program Files\MySQL\MySQL Server 8.2\bin;C:\Gradle\gradle-8.1.1\bin;C:\Program Files\Git\bin;C:\Recoeve\apache-maven-3.9.6\bin;
USERNAME=kipac
OS=Windows_NT
PROCESSOR_IDENTIFIER=Intel64 Family 6 Model 140 Stepping 1, GenuineIntel
TMP=C:\Users\kipac\AppData\Local\Temp
TEMP=C:\Users\kipac\AppData\Local\Temp




---------------  S Y S T E M  ---------------

OS:
 Windows 11 , 64 bit Build 22621 (10.0.22621.2506)
OS uptime: 3 days 8:17 hours

CPU: total 8 (initial active 8) (4 cores per cpu, 2 threads per core) family 6 model 140 stepping 1 microcode 0x9a, cx8, cmov, fxsr, ht, mmx, 3dnowpref, sse, sse2, sse3, ssse3, sse4.1, sse4.2, popcnt, lzcnt, tsc, tscinvbit, avx, avx2, aes, erms, clmul, bmi1, bmi2, adx, avx512f, avx512dq, avx512cd, avx512bw, avx512vl, sha, fma, vzeroupper, avx512_vpopcntdq, avx512_vpclmulqdq, avx512_vaes, avx512_vnni, clflush, clflushopt, clwb, avx512_vbmi2, avx512_vbmi, rdtscp, rdpid, fsrm, gfni, avx512_bitalg, f16c, pku, cet_ibt, cet_ss, avx512_ifma

Memory: 4k page, system-wide physical 7900M (738M free)
TotalPageFile size 32476M (AvailPageFile size 16M)
current process WorkingSet (physical memory assigned to process): 52M, peak: 52M
current process commit charge ("private bytes"): 215M, peak: 215M

vm_info: Java HotSpot(TM) 64-Bit Server VM (20.0.1+9-29) for windows-amd64 JRE (20.0.1+9-29), built on 2023-03-07T13:56:11Z by "mach5one" with MS VC++ 17.1 (VS2022)

END.
